f:\cours\projet fusion polyedre\projetfusionpolyedre\projetfusionpolyedre\debug\vc120.pdb
f:\cours\projet fusion polyedre\projetfusionpolyedre\projetfusionpolyedre\debug\vc120.idb
f:\cours\projet fusion polyedre\projetfusionpolyedre\projetfusionpolyedre\debug\face.obj
f:\cours\projet fusion polyedre\projetfusionpolyedre\projetfusionpolyedre\debug\main.obj
f:\cours\projet fusion polyedre\projetfusionpolyedre\projetfusionpolyedre\debug\plane.obj
f:\cours\projet fusion polyedre\projetfusionpolyedre\projetfusionpolyedre\debug\polyhedron.obj
f:\cours\projet fusion polyedre\projetfusionpolyedre\projetfusionpolyedre\debug\program.obj
f:\cours\projet fusion polyedre\projetfusionpolyedre\projetfusionpolyedre\debug\utils.obj
f:\cours\projet fusion polyedre\projetfusionpolyedre\projetfusionpolyedre\debug\vertex.obj
f:\cours\projet fusion polyedre\projetfusionpolyedre\debug\projetfusionpolyedre.pdb
f:\cours\projet fusion polyedre\projetfusionpolyedre\projetfusionpolyedre\debug\projetfu.2cfb47d5.tlog\cl.read.1.tlog
f:\cours\projet fusion polyedre\projetfusionpolyedre\projetfusionpolyedre\debug\projetfu.2cfb47d5.tlog\cl.write.1.tlog
f:\cours\projet fusion polyedre\projetfusionpolyedre\projetfusionpolyedre\debug\projetfu.2cfb47d5.tlog\cl.command.1.tlog
f:\cours\projet fusion polyedre\projetfusionpolyedre\projetfusionpolyedre\debug\projetfu.2cfb47d5.tlog\link-rc.read.1.tlog
f:\cours\projet fusion polyedre\projetfusionpolyedre\projetfusionpolyedre\debug\projetfu.2cfb47d5.tlog\link-rc.write.1.tlog
f:\cours\projet fusion polyedre\projetfusionpolyedre\projetfusionpolyedre\debug\projetfu.2cfb47d5.tlog\link-cvtres.read.1.tlog
f:\cours\projet fusion polyedre\projetfusionpolyedre\projetfusionpolyedre\debug\projetfu.2cfb47d5.tlog\link-cvtres.write.1.tlog
f:\cours\projet fusion polyedre\projetfusionpolyedre\projetfusionpolyedre\debug\projetfu.2cfb47d5.tlog\link.read.1.tlog
f:\cours\projet fusion polyedre\projetfusionpolyedre\projetfusionpolyedre\debug\projetfu.2cfb47d5.tlog\link.write.1.tlog
f:\cours\projet fusion polyedre\projetfusionpolyedre\projetfusionpolyedre\debug\projetfu.2cfb47d5.tlog\link.command.1.tlog
